<?xml version="1.0" encoding="UTF-8"?>
<!-- Generated by org.testng.reporters.JUnitXMLReporter -->
<testsuite ignored="1" hostname="LAPTOP-OL3RVMA9" failures="0" tests="2" name="Test" time="0.063" errors="0" timestamp="2024-01-04T10:26:01 IST">
  <testcase classname="Disable_TestCase.Sample5" name="TC2" time="0.009"/>
  <testcase classname="Disable_TestCase.Sample5" name="TC3" time="0.001"/>
  <testcase classname="Disable_TestCase.Sample5" name="TC1" time="0.0">
    <ignored/>
  </testcase> <!-- TC1 -->
</testsuite> <!-- Test -->
